<?xml version="1.0" encoding="UTF-8"?>
<!-- Generated by org.testng.reporters.JUnitReportReporter -->
<testsuite hostname="DESKTOP-MIFC7FK" failures="0" tests="3" name="com.tutorialsninja.qa.testcases.Search" time="15.173" errors="0" timestamp="2025-04-14T01:15:06 IST" skipped="0">
  <testcase classname="com.tutorialsninja.qa.testcases.Search" name="verifySearchWithValidProduct" time="5.812"/>
  <testcase classname="com.tutorialsninja.qa.testcases.Search" name="verifySearchWithInvalidProduct" time="5.316"/>
  <testcase classname="com.tutorialsninja.qa.testcases.Search" name="verifySearchWithoutAnyPrduct" time="4.045"/>
</testsuite> <!-- com.tutorialsninja.qa.testcases.Search -->
