<?xml version="1.0" encoding="UTF-8"?>
<!-- Generated by org.testng.reporters.JUnitReportReporter -->
<testsuite hostname="DESKTOP-MIFC7FK" failures="0" tests="4" name="com.tutorialsninja.qa.testcases.Register" time="28.585" errors="0" timestamp="2025-04-14T01:15:06 IST" skipped="0">
  <testcase classname="com.tutorialsninja.qa.testcases.Register" name="verifyRegisteringAnAccountWithMandatoryFields" time="10.064"/>
  <testcase classname="com.tutorialsninja.qa.testcases.Register" name="verifyRegisteringAnAccountByProvidingAllFields" time="6.140"/>
  <testcase classname="com.tutorialsninja.qa.testcases.Register" name="verifyRegisteringAnAccountWithExistingEmailAddress" time="8.209"/>
  <testcase classname="com.tutorialsninja.qa.testcases.Register" name="verifyRegisteringAnAccountWithoutFillingAnyDetails" time="4.172"/>
</testsuite> <!-- com.tutorialsninja.qa.testcases.Register -->
